<?xml version="1.0" encoding="UTF-8"?>
<!-- Generated by org.testng.reporters.JUnitXMLReporter -->
<testsuite ignored="0" hostname="MAA-5CG6222M9V" failures="0" tests="3" name="Default test" time="26.297" errors="0" timestamp="2021-11-24T22:44:55 IST">
  <testcase classname="TestNG_Program.Simple_Annotation.DataProvider" name="instaaLogin" time="8.807"/>
  <testcase classname="TestNG_Program.Simple_Annotation.DataProvider" name="instaaLogin" time="8.184"/>
  <testcase classname="TestNG_Program.Simple_Annotation.DataProvider" name="instaaLogin" time="9.217"/>
</testsuite> <!-- Default test -->
