<?xml version="1.0" encoding="UTF-8"?>
<testng-results ignored="0" total="3" passed="3" failed="0" skipped="0">
  <reporter-output>
  </reporter-output>
  <suite started-at="2021-11-24T22:44:29 IST" name="Default suite" finished-at="2021-11-24T22:44:55 IST" duration-ms="26297">
    <groups>
    </groups>
    <test started-at="2021-11-24T22:44:29 IST" name="Default test" finished-at="2021-11-24T22:44:55 IST" duration-ms="26297">
      <class name="TestNG_Program.Simple_Annotation.DataProvider">
        <test-method signature="instaaLogin(java.lang.String,java.lang.String)[pri:0, instance:TestNG_Program.Simple_Annotation.DataProvider@6b8ca3c8]" started-at="2021-11-24T22:44:29 IST" name="instaaLogin" data-provider="loginCredentials" finished-at="2021-11-24T22:44:38 IST" duration-ms="8807" status="PASS">
          <params>
            <param index="0">
              <value>
                <![CDATA[AAA]]>
              </value>
            </param>
            <param index="1">
              <value>
                <![CDATA[111]]>
              </value>
            </param>
          </params>
          <reporter-output>
          </reporter-output>
        </test-method> <!-- instaaLogin -->
        <test-method signature="instaaLogin(java.lang.String,java.lang.String)[pri:0, instance:TestNG_Program.Simple_Annotation.DataProvider@6b8ca3c8]" started-at="2021-11-24T22:44:38 IST" name="instaaLogin" data-provider="loginCredentials" finished-at="2021-11-24T22:44:46 IST" duration-ms="8184" status="PASS">
          <params>
            <param index="0">
              <value>
                <![CDATA[BBB]]>
              </value>
            </param>
            <param index="1">
              <value>
                <![CDATA[222]]>
              </value>
            </param>
          </params>
          <reporter-output>
          </reporter-output>
        </test-method> <!-- instaaLogin -->
        <test-method signature="instaaLogin(java.lang.String,java.lang.String)[pri:0, instance:TestNG_Program.Simple_Annotation.DataProvider@6b8ca3c8]" started-at="2021-11-24T22:44:46 IST" name="instaaLogin" data-provider="loginCredentials" finished-at="2021-11-24T22:44:55 IST" duration-ms="9217" status="PASS">
          <params>
            <param index="0">
              <value>
                <![CDATA[CCC]]>
              </value>
            </param>
            <param index="1">
              <value>
                <![CDATA[333]]>
              </value>
            </param>
          </params>
          <reporter-output>
          </reporter-output>
        </test-method> <!-- instaaLogin -->
      </class> <!-- TestNG_Program.Simple_Annotation.DataProvider -->
    </test> <!-- Default test -->
  </suite> <!-- Default suite -->
</testng-results>
